This is e-pTeX, Version 3.14159265-p3.7.1-161114-2.6 (utf8.sjis) (TeX Live 2017/W32TeX) (preloaded format=platex 2018.4.18)  15 APR 2019 09:26
entering extended mode
 restricted \write18 enabled.
 %&-line parsing enabled.
**./seizaquiz1.tex
(./seizaquiz1.tex
pLaTeX2e <2017/10/28>+4 (based on LaTeX2e <2017-04-15>)
Babel <3.18> and hyphenation patterns for 84 language(s) loaded.
(c:/texlive/2017/texmf-dist/tex/latex/base/article.cls
Document Class: article 2014/09/29 v1.4h Standard LaTeX document class
(c:/texlive/2017/texmf-dist/tex/latex/base/fleqn.clo
File: fleqn.clo 2016/12/29 v1.2a Standard LaTeX option (flush left equations)
\mathindent=\dimen118
Applying: [2015/01/01] Make \[ robust on input line 50.
LaTeX Info: Redefining \[ on input line 51.
Already applied: [0000/00/00] Make \[ robust on input line 62.
Applying: [2015/01/01] Make \] robust on input line 74.
LaTeX Info: Redefining \] on input line 75.
Already applied: [0000/00/00] Make \] robust on input line 83.
)
(c:/texlive/2017/texmf-dist/tex/latex/base/size10.clo
File: size10.clo 2014/09/29 v1.4h Standard LaTeX file (size option)
)
\c@part=\count82
\c@section=\count83
\c@subsection=\count84
\c@subsubsection=\count85
\c@paragraph=\count86
\c@subparagraph=\count87
\c@figure=\count88
\c@table=\count89
\abovecaptionskip=\skip41
\belowcaptionskip=\skip42
\bibindent=\dimen119
)
(c:/texlive/2017/texmf-dist/tex/latex/graphics/graphicx.sty
Package: graphicx 2017/06/01 v1.1a Enhanced LaTeX Graphics (DPC,SPQR)

(c:/texlive/2017/texmf-dist/tex/latex/graphics/keyval.sty
Package: keyval 2014/10/28 v1.15 key=value parser (DPC)
\KV@toks@=\toks15
)
(c:/texlive/2017/texmf-dist/tex/latex/graphics/graphics.sty
Package: graphics 2017/06/25 v1.2c Standard LaTeX Graphics (DPC,SPQR)

(c:/texlive/2017/texmf-dist/tex/latex/graphics/trig.sty
Package: trig 2016/01/03 v1.10 sin cos tan (DPC)
)
(c:/texlive/2017/texmf-dist/tex/latex/graphics-cfg/graphics.cfg
File: graphics.cfg 2016/06/04 v1.11 sample graphics configuration
)
Package graphics Info: Driver file: dvips.def on input line 99.

(c:/texlive/2017/texmf-dist/tex/latex/graphics-def/dvips.def
File: dvips.def 2017/06/20 v3.1d Graphics/color driver for dvips
))
\Gin@req@height=\dimen120
\Gin@req@width=\dimen121
)
(c:/texlive/2017/texmf-dist/tex/latex/curves/curves.sty
Package: curves 2017/08/25 1.55 Curves for LaTeX picture environment
\;sc=\count90
\;scp=\count91
\;t=\count92
\;cc=\count93
\;cnd=\count94
\;mcnd=\count95
\;np=\count96
\;overhang=\count97
\;pbs=\count98
\;pns=\count99
\;psc=\count100
\;rc=\count101
\;rtc=\count102
\;tc=\count103
\csdiameter=\skip43
\curvelength=\skip44
\overhang=\skip45
\;x=\skip46
\;dx=\skip47
\;ddx=\skip48
\;y=\skip49
\;dy=\skip50
\;ddy=\skip51
\;pl=\skip52
\;ucd=\skip53
\;csbox=\box42
\;pt=\box43
\;strline=\toks16
\m;ssingcoord=\toks17
\;negdash=\toks18
\;oddcoord=\toks19
\;wc=\count104
\;X=\skip54
\;Y=\skip55
)
(c:/texlive/2017/texmf-dist/tex/latex/eepic/epic.sty
Enhancements to Picture Environment. Version 1.2 - Released June 1, 1986
\@@multicnt=\count105
\d@lta=\count106
\@delta=\dimen122
\@@delta=\dimen123
\@gridcnt=\count107
\@joinkind=\count108
\@dotgap=\dimen124
\@ddotgap=\dimen125
\@x@diff=\count109
\@y@diff=\count110
\x@diff=\dimen126
\y@diff=\dimen127
\@dotbox=\box44
\num@segments=\count111
\num@segmentsi=\count112
\@datafile=\read1
) (c:/texlive/2017/texmf-dist/tex/latex/eepic/eepic.sty
Extension to Epic and LaTeX. Version 1.1e - Released Dec 21, 1999
\@gphlinewidth=\count113
\@eepictcnt=\count114
\@tempdimc=\dimen128
\maxovaldiam=\dimen129
\@filltype=\box45
) (c:/texlive/2017/texmf-dist/tex/latex/amsmath/amsmath.sty
Package: amsmath 2017/09/02 v2.17a AMS math features
\@mathmargin=\skip56

For additional information on amsmath, use the `?' option.
(c:/texlive/2017/texmf-dist/tex/latex/amsmath/amstext.sty
Package: amstext 2000/06/29 v2.01 AMS text

(c:/texlive/2017/texmf-dist/tex/latex/amsmath/amsgen.sty
File: amsgen.sty 1999/11/30 v2.0 generic functions
\@emptytoks=\toks20
\ex@=\dimen130
))
(c:/texlive/2017/texmf-dist/tex/latex/amsmath/amsbsy.sty
Package: amsbsy 1999/11/29 v1.2d Bold Symbols
\pmbraise@=\dimen131
)
(c:/texlive/2017/texmf-dist/tex/latex/amsmath/amsopn.sty
Package: amsopn 2016/03/08 v2.02 operator names
)
\inf@bad=\count115
LaTeX Info: Redefining \frac on input line 213.
\uproot@=\count116
\leftroot@=\count117
LaTeX Info: Redefining \overline on input line 375.
\classnum@=\count118
\DOTSCASE@=\count119
LaTeX Info: Redefining \ldots on input line 472.
LaTeX Info: Redefining \dots on input line 475.
LaTeX Info: Redefining \cdots on input line 596.
\Mathstrutbox@=\box46
\strutbox@=\box47
\big@size=\dimen132
LaTeX Font Info:    Redeclaring font encoding OML on input line 712.
LaTeX Font Info:    Redeclaring font encoding OMS on input line 713.
\macc@depth=\count120
\c@MaxMatrixCols=\count121
\dotsspace@=\muskip10
\c@parentequation=\count122
\dspbrk@lvl=\count123
\tag@help=\toks21
\row@=\count124
\column@=\count125
\maxfields@=\count126
\andhelp@=\toks22
\eqnshift@=\dimen133
\alignsep@=\dimen134
\tagshift@=\dimen135
\tagwidth@=\dimen136
\totwidth@=\dimen137
\lineht@=\dimen138
\@envbody=\toks23
\multlinegap=\skip57
\multlinetaggap=\skip58
\mathdisplay@stack=\toks24
LaTeX Info: Redefining \[ on input line 2817.
LaTeX Info: Redefining \] on input line 2818.
)
(c:/texlive/2017/texmf-dist/tex/latex/amsfonts/amssymb.sty
Package: amssymb 2013/01/14 v3.01 AMS font symbols

(c:/texlive/2017/texmf-dist/tex/latex/amsfonts/amsfonts.sty
Package: amsfonts 2013/01/14 v3.01 Basic AMSFonts support
\symAMSa=\mathgroup4
\symAMSb=\mathgroup5
LaTeX Font Info:    Overwriting math alphabet `\mathfrak' in version `bold'
(Font)                  U/euf/m/n --> U/euf/b/n on input line 106.
))
(c:/texlive/2017/texmf-dist/tex/latex/graphics/color.sty
Package: color 2016/07/10 v1.1e Standard LaTeX Color (DPC)

(c:/texlive/2017/texmf-dist/tex/latex/graphics-cfg/color.cfg
File: color.cfg 2016/01/02 v1.6 sample color configuration
)
Package color Info: Driver file: dvipdfmx.def on input line 147.

(c:/texlive/2017/texmf-dist/tex/latex/graphics-def/dvipdfmx.def
File: dvipdfmx.def 2017/06/24 v5.0g Graphics/color driver for dvipdfmx
)
(c:/texlive/2017/texmf-dist/tex/latex/graphics/dvipsnam.def
File: dvipsnam.def 2016/06/17 v3.0m Driver-dependent file (DPC,SPQR)
))
(c:/texlive/2017/texmf-dist/tex/latex/tools/array.sty
Package: array 2016/10/06 v2.4d Tabular extension package (FMi)
\col@sep=\dimen139
\extrarowheight=\dimen140
\NC@list=\toks25
\extratabsurround=\skip59
\backup@length=\skip60
)
(c:/texlive/2017/texmf-dist/tex/latex/colortbl/colortbl.sty
Package: colortbl 2012/02/13 v1.0a Color table columns (DPC)
\everycr=\toks26
\minrowclearance=\skip61
) (./seizaquiz1.aux)
\openout1 = `seizaquiz1.aux'.

LaTeX Font Info:    Checking defaults for OML/cmm/m/it on input line 15.
LaTeX Font Info:    ... okay on input line 15.
LaTeX Font Info:    Checking defaults for T1/cmr/m/n on input line 15.
LaTeX Font Info:    ... okay on input line 15.
LaTeX Font Info:    Checking defaults for OT1/cmr/m/n on input line 15.
LaTeX Font Info:    ... okay on input line 15.
LaTeX Font Info:    Checking defaults for OMS/cmsy/m/n on input line 15.
LaTeX Font Info:    ... okay on input line 15.
LaTeX Font Info:    Checking defaults for OMX/cmex/m/n on input line 15.
LaTeX Font Info:    ... okay on input line 15.
LaTeX Font Info:    Checking defaults for U/cmr/m/n on input line 15.
LaTeX Font Info:    ... okay on input line 15.
LaTeX Font Info:    Checking defaults for JY1/mc/m/n on input line 15.
LaTeX Font Info:    ... okay on input line 15.
LaTeX Font Info:    Checking defaults for JT1/mc/m/n on input line 15.
LaTeX Font Info:    ... okay on input line 15.
LaTeX Font Info:    Try loading font information for U+msa on input line 17.
(c:/texlive/2017/texmf-dist/tex/latex/amsfonts/umsa.fd
File: umsa.fd 2013/01/14 v3.01 AMS symbols A
)
LaTeX Font Info:    Try loading font information for U+msb on input line 17.

(c:/texlive/2017/texmf-dist/tex/latex/amsfonts/umsb.fd
File: umsb.fd 2013/01/14 v3.01 AMS symbols B
)

LaTeX Warning: No \author given.

[1

]
Overfull \hbox (142.26366pt too wide) in paragraph at lines 118--119
[][] 
 []

[2]
Overfull \hbox (85.35815pt too wide) in paragraph at lines 166--167
[][] 
 []


Overfull \hbox (23.6553pt too wide) in paragraph at lines 155--177
[][]$[]$[] []$[]$[] 
 []


Overfull \hbox (199.16917pt too wide) in paragraph at lines 198--199
[][] 
 []

[3]
Overfull \hbox (113.81091pt too wide) in paragraph at lines 234--235
[][] 
 []

[4] (./seizaquiz1.aux) ) 
Here is how much of TeX's memory you used:
 2185 strings out of 493640
 26175 string characters out of 6151719
 92995 words of memory out of 5000000
 5767 multiletter control sequences out of 15000+600000
 16609 words of font info for 68 fonts, out of 8000000 for 9000
 929 hyphenation exceptions out of 8191
 34i,9n,26p,228b,313s stack positions out of 5000i,500n,10000p,200000b,80000s

Output written on seizaquiz1.dvi (4 pages, 13472 bytes).
