This is e-pTeX, Version 3.14159265-p3.7.1-161114-2.6 (utf8.sjis) (TeX Live 2017/W32TeX) (preloaded format=platex 2018.4.18)  7 MAR 2019 09:44
entering extended mode
 restricted \write18 enabled.
 %&-line parsing enabled.
**./untitled-2.tex
(./untitled-2.tex
pLaTeX2e <2017/10/28>+4 (based on LaTeX2e <2017-04-15>)
Babel <3.18> and hyphenation patterns for 84 language(s) loaded.
(c:/texlive/2017/texmf-dist/tex/platex/base/jarticle.cls
Document Class: jarticle 2017/09/19 v1.7g Standard pLaTeX class
\c@@paper=\count82
(c:/texlive/2017/texmf-dist/tex/platex/base/jsize10.clo
File: jsize10.clo 2017/09/19 v1.7g Standard pLaTeX file (size option)
)
\c@part=\count83
\c@section=\count84
\c@subsection=\count85
\c@subsubsection=\count86
\c@paragraph=\count87
\c@subparagraph=\count88
\c@figure=\count89
\c@table=\count90
\abovecaptionskip=\skip41
\belowcaptionskip=\skip42
\symmincho=\mathgroup4
LaTeX Font Info:    Overwriting symbol font `mincho' in version `bold'
(Font)                  JY1/mc/m/n --> JY1/gt/m/n on input line 613.
\toclineskip=\dimen118
\@lnumwidth=\dimen119
\bibindent=\dimen120
\heisei=\count91
)
(c:/texlive/2017/texmf-dist/tex/latex/curves/curves.sty
Package: curves 2017/08/25 1.55 Curves for LaTeX picture environment
\;sc=\count92
\;scp=\count93
\;t=\count94
\;cc=\count95
\;cnd=\count96
\;mcnd=\count97
\;np=\count98
\;overhang=\count99
\;pbs=\count100
\;pns=\count101
\;psc=\count102
\;rc=\count103
\;rtc=\count104
\;tc=\count105
\csdiameter=\skip43
\curvelength=\skip44
\overhang=\skip45
\;x=\skip46
\;dx=\skip47
\;ddx=\skip48
\;y=\skip49
\;dy=\skip50
\;ddy=\skip51
\;pl=\skip52
\;ucd=\skip53
\;csbox=\box42
\;pt=\box43
\;strline=\toks15
\m;ssingcoord=\toks16
\;negdash=\toks17
\;oddcoord=\toks18
\;wc=\count106
\;X=\skip54
\;Y=\skip55
)
(c:/texlive/2017/texmf-dist/tex/latex/eepic/epic.sty
Enhancements to Picture Environment. Version 1.2 - Released June 1, 1986
\@@multicnt=\count107
\d@lta=\count108
\@delta=\dimen121
\@@delta=\dimen122
\@gridcnt=\count109
\@joinkind=\count110
\@dotgap=\dimen123
\@ddotgap=\dimen124
\@x@diff=\count111
\@y@diff=\count112
\x@diff=\dimen125
\y@diff=\dimen126
\@dotbox=\box44
\num@segments=\count113
\num@segmentsi=\count114
\@datafile=\read1
) (c:/texlive/2017/texmf-dist/tex/latex/eepic/eepic.sty
Extension to Epic and LaTeX. Version 1.1e - Released Dec 21, 1999
\@gphlinewidth=\count115
\@eepictcnt=\count116
\@tempdimc=\dimen127
\maxovaldiam=\dimen128
\@filltype=\box45
) (c:/texlive/2017/texmf-dist/tex/latex/amsmath/amsmath.sty
Package: amsmath 2017/09/02 v2.17a AMS math features
\@mathmargin=\skip56

For additional information on amsmath, use the `?' option.
(c:/texlive/2017/texmf-dist/tex/latex/amsmath/amstext.sty
Package: amstext 2000/06/29 v2.01 AMS text

(c:/texlive/2017/texmf-dist/tex/latex/amsmath/amsgen.sty
File: amsgen.sty 1999/11/30 v2.0 generic functions
\@emptytoks=\toks19
\ex@=\dimen129
))
(c:/texlive/2017/texmf-dist/tex/latex/amsmath/amsbsy.sty
Package: amsbsy 1999/11/29 v1.2d Bold Symbols
\pmbraise@=\dimen130
)
(c:/texlive/2017/texmf-dist/tex/latex/amsmath/amsopn.sty
Package: amsopn 2016/03/08 v2.02 operator names
)
\inf@bad=\count117
LaTeX Info: Redefining \frac on input line 213.
\uproot@=\count118
\leftroot@=\count119
LaTeX Info: Redefining \overline on input line 375.
\classnum@=\count120
\DOTSCASE@=\count121
LaTeX Info: Redefining \ldots on input line 472.
LaTeX Info: Redefining \dots on input line 475.
LaTeX Info: Redefining \cdots on input line 596.
\Mathstrutbox@=\box46
\strutbox@=\box47
\big@size=\dimen131
LaTeX Font Info:    Redeclaring font encoding OML on input line 712.
LaTeX Font Info:    Redeclaring font encoding OMS on input line 713.
\macc@depth=\count122
\c@MaxMatrixCols=\count123
\dotsspace@=\muskip10
\c@parentequation=\count124
\dspbrk@lvl=\count125
\tag@help=\toks20
\row@=\count126
\column@=\count127
\maxfields@=\count128
\andhelp@=\toks21
\eqnshift@=\dimen132
\alignsep@=\dimen133
\tagshift@=\dimen134
\tagwidth@=\dimen135
\totwidth@=\dimen136
\lineht@=\dimen137
\@envbody=\toks22
\multlinegap=\skip57
\multlinetaggap=\skip58
\mathdisplay@stack=\toks23
LaTeX Info: Redefining \[ on input line 2817.
LaTeX Info: Redefining \] on input line 2818.
)
(c:/texlive/2017/texmf-dist/tex/latex/amsfonts/amssymb.sty
Package: amssymb 2013/01/14 v3.01 AMS font symbols

(c:/texlive/2017/texmf-dist/tex/latex/amsfonts/amsfonts.sty
Package: amsfonts 2013/01/14 v3.01 Basic AMSFonts support
\symAMSa=\mathgroup5
\symAMSb=\mathgroup6
LaTeX Font Info:    Overwriting math alphabet `\mathfrak' in version `bold'
(Font)                  U/euf/m/n --> U/euf/b/n on input line 106.
))
(c:/texlive/2017/texmf-dist/tex/latex/graphics/color.sty
Package: color 2016/07/10 v1.1e Standard LaTeX Color (DPC)

(c:/texlive/2017/texmf-dist/tex/latex/graphics-cfg/color.cfg
File: color.cfg 2016/01/02 v1.6 sample color configuration
)
Package color Info: Driver file: dvipdfmx.def on input line 147.

(c:/texlive/2017/texmf-dist/tex/latex/graphics-def/dvipdfmx.def
File: dvipdfmx.def 2017/06/24 v5.0g Graphics/color driver for dvipdfmx
)
(c:/texlive/2017/texmf-dist/tex/latex/graphics/dvipsnam.def
File: dvipsnam.def 2016/06/17 v3.0m Driver-dependent file (DPC,SPQR)
))
(c:/texlive/2017/texmf-dist/tex/latex/tools/array.sty
Package: array 2016/10/06 v2.4d Tabular extension package (FMi)
\col@sep=\dimen138
\extrarowheight=\dimen139
\NC@list=\toks24
\extratabsurround=\skip59
\backup@length=\skip60
)
(c:/texlive/2017/texmf-dist/tex/latex/colortbl/colortbl.sty
Package: colortbl 2012/02/13 v1.0a Color table columns (DPC)
\everycr=\toks25
\minrowclearance=\skip61
)
(c:/texlive/2017/texmf-dist/tex/latex/graphics/graphicx.sty
Package: graphicx 2017/06/01 v1.1a Enhanced LaTeX Graphics (DPC,SPQR)

(c:/texlive/2017/texmf-dist/tex/latex/graphics/keyval.sty
Package: keyval 2014/10/28 v1.15 key=value parser (DPC)
\KV@toks@=\toks26
)
(c:/texlive/2017/texmf-dist/tex/latex/graphics/graphics.sty
Package: graphics 2017/06/25 v1.2c Standard LaTeX Graphics (DPC,SPQR)

(c:/texlive/2017/texmf-dist/tex/latex/graphics/trig.sty
Package: trig 2016/01/03 v1.10 sin cos tan (DPC)
)
(c:/texlive/2017/texmf-dist/tex/latex/graphics-cfg/graphics.cfg
File: graphics.cfg 2016/06/04 v1.11 sample graphics configuration
)
Package graphics Info: Driver file: dvipdfmx.def on input line 99.
)
\Gin@req@height=\dimen140
\Gin@req@width=\dimen141
)
(./untitled-2.aux)
\openout1 = `untitled-2.aux'.

LaTeX Font Info:    Checking defaults for OML/cmm/m/it on input line 12.
LaTeX Font Info:    ... okay on input line 12.
LaTeX Font Info:    Checking defaults for T1/cmr/m/n on input line 12.
LaTeX Font Info:    ... okay on input line 12.
LaTeX Font Info:    Checking defaults for OT1/cmr/m/n on input line 12.
LaTeX Font Info:    ... okay on input line 12.
LaTeX Font Info:    Checking defaults for OMS/cmsy/m/n on input line 12.
LaTeX Font Info:    ... okay on input line 12.
LaTeX Font Info:    Checking defaults for OMX/cmex/m/n on input line 12.
LaTeX Font Info:    ... okay on input line 12.
LaTeX Font Info:    Checking defaults for U/cmr/m/n on input line 12.
LaTeX Font Info:    ... okay on input line 12.
LaTeX Font Info:    Checking defaults for JY1/mc/m/n on input line 12.
LaTeX Font Info:    ... okay on input line 12.
LaTeX Font Info:    Checking defaults for JT1/mc/m/n on input line 12.
LaTeX Font Info:    ... okay on input line 12.
File: fig006.jpg Graphic file (type bmp)
<fig006.jpg>

Overfull \hbox (56.77074pt too wide) in paragraph at lines 23--24
[][] 
 []

LaTeX Font Info:    Try loading font information for U+msa on input line 29.
(c:/texlive/2017/texmf-dist/tex/latex/amsfonts/umsa.fd
File: umsa.fd 2013/01/14 v3.01 AMS symbols A
)
LaTeX Font Info:    Try loading font information for U+msb on input line 29.

(c:/texlive/2017/texmf-dist/tex/latex/amsfonts/umsb.fd
File: umsb.fd 2013/01/14 v3.01 AMS symbols B
)
Overfull \hbox (10.99689pt too wide) in paragraph at lines 53--64
[][] 
 []


Overfull \hbox (26.27744pt too wide) in paragraph at lines 36--68
[][]$[]$[] []$[]$[] 
 []

File: fig009.jpg Graphic file (type bmp)
<fig009.jpg>

Overfull \hbox (137.86624pt too wide) in paragraph at lines 70--115
[][]$[]$[] 
 []

[1

] [2]
File: fig008a.jpg Graphic file (type bmp)
<fig008a.jpg>

Overfull \hbox (85.35826pt too wide) in paragraph at lines 133--134
[][] 
 []

[3] [4]
File: fig012.jpg Graphic file (type bmp)
<fig012.jpg>

Overfull \hbox (199.16928pt too wide) in paragraph at lines 175--176
[][] 
 []


Overfull \hbox (70.37202pt too wide) in paragraph at lines 206--207
[][] 
 []

File: fig021.jpg Graphic file (type bmp)
<fig021.jpg>

Overfull \hbox (85.35826pt too wide) in paragraph at lines 218--219
[][] 
 []

[5]
File: fig010.jpg Graphic file (type bmp)
<fig010.jpg>

Overfull \hbox (9.4838pt too wide) in paragraph at lines 227--228
[][] 
 []

File: fig016.jpg Graphic file (type bmp)
<fig016.jpg>

Overfull \hbox (85.35826pt too wide) in paragraph at lines 237--238
[][] 
 []

File: fig019.jpg Graphic file (type bmp)
<fig019.jpg>

Overfull \hbox (85.35826pt too wide) in paragraph at lines 244--245
[][] 
 []

[6]
File: fig026.jpg Graphic file (type bmp)
<fig026.jpg>

Overfull \hbox (85.35826pt too wide) in paragraph at lines 252--253
[][] 
 []

[7]
File: fig027.jpg Graphic file (type bmp)
<fig027.jpg>

Overfull \hbox (85.35826pt too wide) in paragraph at lines 259--260
[][] 
 []

[8] grid=2 x 2.  [9] [10]
File: fig005.jpg Graphic file (type bmp)
<fig005.jpg>

Overfull \hbox (6.37474pt too wide) in paragraph at lines 333--346
[][] 
 []

[11]
File: fig007c.jpg Graphic file (type bmp)
<fig007c.jpg>

Overfull \hbox (2.08742pt too wide) in paragraph at lines 397--398
[][] 
 []


Overfull \hbox (29.33026pt too wide) in paragraph at lines 400--413
[][] 
 []

[12] [13] (./untitled-2.aux) ) 
Here is how much of TeX's memory you used:
 2228 strings out of 493640
 26786 string characters out of 6151719
 91717 words of memory out of 5000000
 5805 multiletter control sequences out of 15000+600000
 9210 words of font info for 39 fonts, out of 8000000 for 9000
 929 hyphenation exceptions out of 8191
 34i,11n,26p,228b,238s stack positions out of 5000i,500n,10000p,200000b,80000s

Output written on untitled-2.dvi (13 pages, 15752 bytes).
